data * window = result
(-17782+21649j) * (-25420-7911j) = (623283679-409644178j)
(3558-18829j) * (6512-10612j) = (-176643652-160371944j)
(6140+2492j) * (-30916-10646j) = (-163294408-142409112j)
(25024-11867j) * (27316+209j) = (686035787-318928956j)
(-16200-1145j) * (-3445+21518j) = (80447110-344647075j)
(19042-16019j) * (-18746-3728j) = (-416680164+229303598j)
(-15409-2042j) * (28943-17098j) = (-480896803+204361476j)
(23088-12455j) * (30531+10528j) = (836025968-137193141j)
(7996-31341j) * (5031-12980j) = (-366578304-261464651j)
(14464-358j) * (-9075+24124j) = (-122624408+352178386j)
(12427+17036j) * (24820-10369j) = (485084424+293977957j)
(650-10354j) * (6734-32322j) = (-330284888-90733136j)
(32237+21801j) * (16018-30595j) = (1183373861-637082597j)
(21168+26433j) * (1054-532j) = (36373428+16599006j)
(12865+8981j) * (-27033-22022j) = (-149999963-526096403j)
(30726+28107j) * (-11466-13j) = (-351938925-322674300j)
(-31975-28693j) * (10024-4461j) = (-448516873-144978157j)
(25651-20580j) * (6729-341j) = (165587799-147229811j)
(32035-19201j) * (-27980+12149j) = (-663066351+926437195j)
(-12819-16384j) * (-6113-15576j) = (-176834637+299824136j)
(18402+11932j) * (6145-3091j) = (149962102+16441558j)
(24282+4930j) * (-15424+29746j) = (-521173348+646252052j)
(32305-21045j) * (-10005-13569j) = (-608771130-227791320j)
(9970+16515j) * (18433+14354j) = (-53279300+447530375j)
(-8031+13848j) * (23167-19967j) = (90448839+481171593j)
(21991-31199j) * (29150-26089j) = (-172913061-1483174049j)
(-25748+25353j) * (7838+21j) = (-202345237+198176106j)
(20288-5130j) * (-15356-29426j) = (-462497908-518218408j)
(-2281-5804j) * (-28666-31718j) = (-118704126+238726222j)
(28629-6419j) * (24352-20242j) = (567240010-735823706j)
(-700+25756j) * (11466+2425j) = (-70484500+293620796j)
(6397-342j) * (12535+8729j) = (83171713+51552443j)
Check passed!