data * window = result
(22976-14902j) * 0j = 0j
(12652-28283j) * 1j = (28283+12652j)
(-18162+8762j) * 2j = (-17524-36324j)
(13321+12733j) * 3j = (-38199+39963j)
(-27650+23956j) * 4j = (-95824-110600j)
(21736+20866j) * 5j = (-104330+108680j)
(-28362+14j) * 6j = (-84-170172j)
(-16921-32530j) * 7j = (227710-118447j)
(32009+12255j) * 8j = (-98040+256072j)
(24012+6771j) * 9j = (-60939+216108j)
(29666+25557j) * 10j = (-255570+296660j)
(20752-22889j) * 11j = (251779+228272j)
(-10121+20112j) * 12j = (-241344-121452j)
(-16428+7596j) * 13j = (-98748-213564j)
(-19072-29408j) * 14j = (411712-267008j)
(19556-2405j) * 15j = (36075+293340j)
(25545+31771j) * 16j = (-508336+408720j)
(7420+31401j) * 17j = (-533817+126140j)
(-9888-7863j) * 18j = (141534-177984j)
(16460+8058j) * 19j = (-153102+312740j)
(-8804-14362j) * 20j = (287240-176080j)
(31716-6874j) * 21j = (144354+666036j)
(17373+14030j) * 22j = (-308660+382206j)
(32064+31330j) * 23j = (-720590+737472j)
(28323+2849j) * 24j = (-68376+679752j)
(31953+22226j) * 25j = (-555650+798825j)
(19174+10871j) * 26j = (-282646+498524j)
(613+6674j) * 27j = (-180198+16551j)
(27545-32040j) * 28j = (897120+771260j)
(-26216-442j) * 29j = (12818-760264j)
(868-20377j) * 30j = (611310+26040j)
(14077-31267j) * 31j = (969277+436387j)
(7990+14050j) * 0j = 0j
(-28257-17277j) * 1j = (17277-28257j)
(31127-24246j) * 2j = (48492+62254j)
(4436+26503j) * 3j = (-79509+13308j)
(-31612-28664j) * 4j = (114656-126448j)
(3412+30857j) * 5j = (-154285+17060j)
(12656-9688j) * 6j = (58128+75936j)
(8304-227j) * 7j = (1589+58128j)
(-11969+32734j) * 8j = (-261872-95752j)
(-5160-17840j) * 9j = (160560-46440j)
(-22729+21533j) * 10j = (-215330-227290j)
(-16560-26778j) * 11j = (294558-182160j)
(-24253-8919j) * 12j = (107028-291036j)
(16785+126j) * 13j = (-1638+218205j)
(-9115+31851j) * 14j = (-445914-127610j)
(1577+32455j) * 15j = (-486825+23655j)
(-22489+10901j) * 16j = (-174416-359824j)
(23385+18003j) * 17j = (-306051+397545j)
(15952-27312j) * 18j = (491616+287136j)
(2158+7049j) * 19j = (-133931+41002j)
(-320+21972j) * 20j = (-439440-6400j)
(8345-4606j) * 21j = (96726+175245j)
(-4000-11933j) * 22j = (262526-88000j)
(-14935+8918j) * 23j = (-205114-343505j)
(-31592-25603j) * 24j = (614472-758208j)
(22457-9423j) * 25j = (235575+561425j)
(-3217-9966j) * 26j = (259116-83642j)
(3435+20087j) * 27j = (-542349+92745j)
(-15135-8851j) * 28j = (247828-423780j)
(12189+20133j) * 29j = (-583857+353481j)
(-2942-16923j) * 30j = (507690-88260j)
(-29560+31719j) * 31j = (-983289-916360j)
(28166-27617j) * 0j = 0j
(-20387+27283j) * 1j = (-27283-20387j)
(-31492-30034j) * 2j = (60068-62984j)
(-11794+21580j) * 3j = (-64740-35382j)
(-19464-25285j) * 4j = (101140-77856j)
(-4190+24731j) * 5j = (-123655-20950j)
(-12674+3250j) * 6j = (-19500-76044j)
(-15071+27562j) * 7j = (-192934-105497j)
(-7474+30407j) * 8j = (-243256-59792j)
(-12772-8607j) * 9j = (77463-114948j)
(-25029-24591j) * 10j = (245910-250290j)
(13695+2980j) * 11j = (-32780+150645j)
(1366+22166j) * 12j = (-265992+16392j)
(1265-21667j) * 13j = (281671+16445j)
(12502-17010j) * 14j = (238140+175028j)
(-23322-30086j) * 15j = (451290-349830j)
(-4729+10733j) * 16j = (-171728-75664j)
(-13682+12807j) * 17j = (-217719-232594j)
(13450-13311j) * 18j = (239598+242100j)
(-27592+24495j) * 19j = (-465405-524248j)
(-32675-5169j) * 20j = (103380-653500j)
(-25508+16032j) * 21j = (-336672-535668j)
(-27604-18371j) * 22j = (404162-607288j)
(1572+2178j) * 23j = (-50094+36156j)
(-7609-20825j) * 24j = (499800-182616j)
(26103-21025j) * 25j = (525625+652575j)
(22162-12767j) * 26j = (331942+576212j)
(-22527-26019j) * 27j = (702513-608229j)
(10075+14659j) * 28j = (-410452+282100j)
(27621-15363j) * 29j = (445527+801009j)
(-20171+10016j) * 30j = (-300480-605130j)
(23353-24055j) * 31j = (745705+723943j)
(-25435+20242j) * 0j = (-0+0j)
(-7597+25983j) * 1j = (-25983-7597j)
(-25178+16701j) * 2j = (-33402-50356j)
(27650-2611j) * 3j = (7833+82950j)
(23949+22098j) * 4j = (-88392+95796j)
(-5102+23904j) * 5j = (-119520-25510j)
(-29093+18059j) * 6j = (-108354-174558j)
(21346+29937j) * 7j = (-209559+149422j)
(-29812-14068j) * 8j = (112544-238496j)
(8322+11020j) * 9j = (-99180+74898j)
(1653-30188j) * 10j = (301880+16530j)
(-28266-21298j) * 11j = (234278-310926j)
(19507-2169j) * 12j = (26028+234084j)
(-19700-21517j) * 13j = (279721-256100j)
(-6235+13283j) * 14j = (-185962-87290j)
(31840-11139j) * 15j = (167085+477600j)
(-20825+22756j) * 16j = (-364096-333200j)
(14585-14318j) * 17j = (243406+247945j)
(-2712-24411j) * 18j = (439398-48816j)
(26854+6100j) * 19j = (-115900+510226j)
(16063-30483j) * 20j = (609660+321260j)
(-17934+27323j) * 21j = (-573783-376614j)
(-12506-21107j) * 22j = (464354-275132j)
(-29083+6531j) * 23j = (-150213-668909j)
(18155+29342j) * 24j = (-704208+435720j)
(10939-15656j) * 25j = (391400+273475j)
(23913-20440j) * 26j = (531440+621738j)
(-17528-3355j) * 27j = (90585-473256j)
(3578-5339j) * 28j = (149492+100184j)
(-12954+3370j) * 29j = (-97730-375666j)
(22100-26959j) * 30j = (808770+663000j)
(-18786-925j) * 31j = (28675-582366j)
(23010-20256j) * 0j = 0j
(-12410-17903j) * 1j = (17903-12410j)
(-31582-21659j) * 2j = (43318-63164j)
(32102+23710j) * 3j = (-71130+96306j)
(-25401-15337j) * 4j = (61348-101604j)
(-32514+5476j) * 5j = (-27380-162570j)
(-31537-17966j) * 6j = (107796-189222j)
(-932+2406j) * 7j = (-16842-6524j)
(18621+15176j) * 8j = (-121408+148968j)
(12544+12461j) * 9j = (-112149+112896j)
(30689-32664j) * 10j = (326640+306890j)
(-31701-3307j) * 11j = (36377-348711j)
(12973-7386j) * 12j = (88632+155676j)
(-31904-22920j) * 13j = (297960-414752j)
(-6659-17644j) * 14j = (247016-93226j)
(12545+29500j) * 15j = (-442500+188175j)
(31897+20056j) * 16j = (-320896+510352j)
(17493-31770j) * 17j = (540090+297381j)
(-25626-5369j) * 18j = (96642-461268j)
(2707+18675j) * 19j = (-354825+51433j)
(8893-22853j) * 20j = (457060+177860j)
(16636-16556j) * 21j = (347676+349356j)
(9631+11437j) * 22j = (-251614+211882j)
(24909-30745j) * 23j = (707135+572907j)
(-30960-21239j) * 24j = (509736-743040j)
(-11710+30275j) * 25j = (-756875-292750j)
(-27893-29524j) * 26j = (767624-725218j)
(-22477+11925j) * 27j = (-321975-606879j)
(11969+6347j) * 28j = (-177716+335132j)
(9329+31015j) * 29j = (-899435+270541j)
(-30004-14646j) * 30j = (439380-900120j)
(-21368-8506j) * 31j = (263686-662408j)
(-20387-21604j) * 0j = -0j
(-1324+20228j) * 1j = (-20228-1324j)
(15693+18611j) * 2j = (-37222+31386j)
(-14566-13908j) * 3j = (41724-43698j)
(-1581+17689j) * 4j = (-70756-6324j)
(-17775+15113j) * 5j = (-75565-88875j)
(2337-30084j) * 6j = (180504+14022j)
(-19038+30530j) * 7j = (-213710-133266j)
(-14886+24677j) * 8j = (-197416-119088j)
(30776+28337j) * 9j = (-255033+276984j)
(11719+3056j) * 10j = (-30560+117190j)
(-24139+22630j) * 11j = (-248930-265529j)
(-4782-4179j) * 12j = (50148-57384j)
(-23709+15736j) * 13j = (-204568-308217j)
(23437-18150j) * 14j = (254100+328118j)
(11079-29629j) * 15j = (444435+166185j)
(-16171+22280j) * 16j = (-356480-258736j)
(20183+32673j) * 17j = (-555441+343111j)
(9713-2563j) * 18j = (46134+174834j)
(-19612+31271j) * 19j = (-594149-372628j)
(-30204-23450j) * 20j = (469000-604080j)
(26287-11225j) * 21j = (235725+552027j)
(-11692-11694j) * 22j = (257268-257224j)
(-28588+23972j) * 23j = (-551356-657524j)
(3153+22038j) * 24j = (-528912+75672j)
(-12353-19253j) * 25j = (481325-308825j)
(27402+20257j) * 26j = (-526682+712452j)
(25681-19301j) * 27j = (521127+693387j)
(26370+26448j) * 28j = (-740544+738360j)
(7733+13302j) * 29j = (-385758+224257j)
(7670+1906j) * 30j = (-57180+230100j)
(32057+25316j) * 31j = (-784796+993767j)
(8881+24384j) * 0j = 0j
(10383+12516j) * 1j = (-12516+10383j)
(-29609+6920j) * 2j = (-13840-59218j)
(-16849+9431j) * 3j = (-28293-50547j)
(-1843-29742j) * 4j = (118968-7372j)
(23796-5136j) * 5j = (25680+118980j)
(-32493+16234j) * 6j = (-97404-194958j)
(-8057-3563j) * 7j = (24941-56399j)
(17171-17675j) * 8j = (141400+137368j)
(19861-5829j) * 9j = (52461+178749j)
(-4409+20824j) * 10j = (-208240-44090j)
(-29426+8259j) * 11j = (-90849-323686j)
(-16531+14251j) * 12j = (-171012-198372j)
(1684-22516j) * 13j = (292708+21892j)
(4810-4337j) * 14j = (60718+67340j)
(1484+10349j) * 15j = (-155235+22260j)
(403-7337j) * 16j = (117392+6448j)
(-1410-16625j) * 17j = (282625-23970j)
(13278+25242j) * 18j = (-454356+239004j)
(7239+17612j) * 19j = (-334628+137541j)
(-18699+24169j) * 20j = (-483380-373980j)
(26726+21410j) * 21j = (-449610+561246j)
(-21157+3980j) * 22j = (-87560-465454j)
(-15044-31090j) * 23j = (715070-346012j)
(31219-30240j) * 24j = (725760+749256j)
(-9431+1110j) * 25j = (-27750-235775j)
(-11838-18525j) * 26j = (481650-307788j)
(27393+11043j) * 27j = (-298161+739611j)
(19711-18639j) * 28j = (521892+551908j)
(8842+31556j) * 29j = (-915124+256418j)
(3846+19780j) * 30j = (-593400+115380j)
(-28387-20329j) * 31j = (630199-879997j)
(25855+17117j) * 0j = 0j
(32180+234j) * 1j = (-234+32180j)
(-2283-13221j) * 2j = (26442-4566j)
(-27975+14987j) * 3j = (-44961-83925j)
(14282-11075j) * 4j = (44300+57128j)
(30722-18972j) * 5j = (94860+153610j)
(9114+30346j) * 6j = (-182076+54684j)
(-6128+20843j) * 7j = (-145901-42896j)
(-19670+816j) * 8j = (-6528-157360j)
(19054+16935j) * 9j = (-152415+171486j)
(24400-32425j) * 10j = (324250+244000j)
(7052+8330j) * 11j = (-91630+77572j)
(11237+29766j) * 12j = (-357192+134844j)
(14969-26283j) * 13j = (341679+194597j)
(-11399+13682j) * 14j = (-191548-159586j)
(-22677-28898j) * 15j = (433470-340155j)
(10312-5407j) * 16j = (86512+164992j)
(-9150-30513j) * 17j = (518721-155550j)
(13039+18194j) * 18j = (-327492+234702j)
(19020+24261j) * 19j = (-460959+361380j)
(-18961+15893j) * 20j = (-317860-379220j)
(-24898-29458j) * 21j = (618618-522858j)
(-27138+20577j) * 22j = (-452694-597036j)
(-5843+26977j) * 23j = (-620471-134389j)
(30028+30526j) * 24j = (-732624+720672j)
(2478+29864j) * 25j = (-746600+61950j)
(16077-14840j) * 26j = (385840+418002j)
(-17025-23094j) * 27j = (623538-459675j)
(-16055-5425j) * 28j = (151900-449540j)
(11708+18519j) * 29j = (-537051+339532j)
(11630-23144j) * 30j = (694320+348900j)
(-15629-2162j) * 31j = (67022-484499j)
(-6468-6059j) * 0j = -0j
(-27668+9592j) * 1j = (-9592-27668j)
(-3462-18231j) * 2j = (36462-6924j)
(-18001+6673j) * 3j = (-20019-54003j)
(16503+5739j) * 4j = (-22956+66012j)
(2702-16858j) * 5j = (84290+13510j)
(-2516+29417j) * 6j = (-176502-15096j)
(-24597+7093j) * 7j = (-49651-172179j)
(12924-3786j) * 8j = (30288+103392j)
(-20362-10539j) * 9j = (94851-183258j)
(9526-9811j) * 10j = (98110+95260j)
(19460+1348j) * 11j = (-14828+214060j)
(17420+9703j) * 12j = (-116436+209040j)
(-31212+2551j) * 13j = (-33163-405756j)
(4191+16718j) * 14j = (-234052+58674j)
(6270+16466j) * 15j = (-246990+94050j)
(-24198-18985j) * 16j = (303760-387168j)
(-7831-14522j) * 17j = (246874-133127j)
(-10185-28836j) * 18j = (519048-183330j)
(-7990-4441j) * 19j = (84379-151810j)
(-2349-27131j) * 20j = (542620-46980j)
(-8210-13097j) * 21j = (275037-172410j)
(-1572-567j) * 22j = (12474-34584j)
(-5308-15642j) * 23j = (359766-122084j)
(30088+30918j) * 24j = (-742032+722112j)
(14063-14585j) * 25j = (364625+351575j)
(6030+7197j) * 26j = (-187122+156780j)
(-5095+28068j) * 27j = (-757836-137565j)
(26005+32497j) * 28j = (-909916+728140j)
(-28623+8642j) * 29j = (-250618-830067j)
(27318+6095j) * 30j = (-182850+819540j)
(25155+1299j) * 31j = (-40269+779805j)
(-31437+13031j) * 0j = (-0+0j)
(-23447+9202j) * 1j = (-9202-23447j)
(13302-9827j) * 2j = (19654+26604j)
(-13928+10793j) * 3j = (-32379-41784j)
(31069-18876j) * 4j = (75504+124276j)
(-19370-26715j) * 5j = (133575-96850j)
(-30920-7426j) * 6j = (44556-185520j)
(-22606+21553j) * 7j = (-150871-158242j)
(-17278+6523j) * 8j = (-52184-138224j)
(27902+11829j) * 9j = (-106461+251118j)
(3589+31229j) * 10j = (-312290+35890j)
(-7872-3836j) * 11j = (42196-86592j)
(-12718-22834j) * 12j = (274008-152616j)
(14483+7910j) * 13j = (-102830+188279j)
(6602-27495j) * 14j = (384930+92428j)
(-1638+4193j) * 15j = (-62895-24570j)
(-239+14365j) * 16j = (-229840-3824j)
(8757-9099j) * 17j = (154683+148869j)
(-31338-11475j) * 18j = (206550-564084j)
(12710-16353j) * 19j = (310707+241490j)
(13289+10916j) * 20j = (-218320+265780j)
(27364+23210j) * 21j = (-487410+574644j)
(10866+21535j) * 22j = (-473770+239052j)
(30612+1040j) * 23j = (-23920+704076j)
(31635+8332j) * 24j = (-199968+759240j)
(-5405-10918j) * 25j = (272950-135125j)
(-845+11302j) * 26j = (-293852-21970j)
(-27796-21175j) * 27j = (571725-750492j)
(2166+10160j) * 28j = (-284480+60648j)
(5895-26969j) * 29j = (782101+170955j)
(-6884+7546j) * 30j = (-226380-206520j)
(-17845-22835j) * 31j = (707885-553195j)
Check passed!